<?xml version="1.0" encoding="UTF-8"?>
<!-- Generated by org.testng.reporters.JUnitXMLReporter -->
<testsuite hostname="family" name="Test" tests="4" failures="0" timestamp="26 Aug 2016 02:32:29 GMT" time="0.041" errors="0">
  <testcase name="@BeforeSuite beforeSuite" time="0.0" classname="com.test.HomePageTest">
    <failure type="org.openqa.selenium.WebDriverException" message="Target URL &amp;quot;http://whiteboxqa.com/&amp;quot; is not well-formed.
Command duration or timeout: 396 milliseconds
Build info: version: &amp;apos;2.52.0&amp;apos;, revision: &amp;apos;4c2593cfc3689a7fcd7be52549167e5ccc93ad28&amp;apos;, time: &amp;apos;2016-02-11 11:22:43&amp;apos;
System info: host: &amp;apos;family&amp;apos;, ip: &amp;apos;10.0.0.110&amp;apos;, os.name: &amp;apos;Windows 10&amp;apos;, os.arch: &amp;apos;amd64&amp;apos;, os.version: &amp;apos;10.0&amp;apos;, java.version: &amp;apos;1.8.0_65&amp;apos;
Driver info: org.openqa.selenium.firefox.FirefoxDriver
Capabilities [{applicationCacheEnabled=true, rotatable=false, handlesAlerts=true, databaseEnabled=true, version=43.0.1, platform=WINDOWS, nativeEvents=false, acceptSslCerts=true, webStorageEnabled=true, locationContextEnabled=true, browserName=firefox, takesScreenshot=true, javascriptEnabled=true, cssSelectorsEnabled=true}]
Session ID: f36a1fbb-00cd-411a-9e0f-1e47f3876669">
      <![CDATA[org.openqa.selenium.WebDriverException: Target URL "http://whiteboxqa.com/" is not well-formed.
Command duration or timeout: 396 milliseconds
Build info: version: '2.52.0', revision: '4c2593cfc3689a7fcd7be52549167e5ccc93ad28', time: '2016-02-11 11:22:43'
System info: host: 'family', ip: '10.0.0.110', os.name: 'Windows 10', os.arch: 'amd64', os.version: '10.0', java.version: '1.8.0_65'
Driver info: org.openqa.selenium.firefox.FirefoxDriver
Capabilities [{applicationCacheEnabled=true, rotatable=false, handlesAlerts=true, databaseEnabled=true, version=43.0.1, platform=WINDOWS, nativeEvents=false, acceptSslCerts=true, webStorageEnabled=true, locationContextEnabled=true, browserName=firefox, takesScreenshot=true, javascriptEnabled=true, cssSelectorsEnabled=true}]
Session ID: f36a1fbb-00cd-411a-9e0f-1e47f3876669
	at org.openqa.selenium.remote.ErrorHandler.createThrowable(ErrorHandler.java:206)
	at org.openqa.selenium.remote.ErrorHandler.throwIfResponseFailed(ErrorHandler.java:158)
	at org.openqa.selenium.remote.RemoteWebDriver.execute(RemoteWebDriver.java:678)
	at org.openqa.selenium.remote.RemoteWebDriver.get(RemoteWebDriver.java:316)
	at com.util.WebUiDriver.getDriver(WebUiDriver.java:34)
	at com.base.BaseTest.beforeSuite(BaseTest.java:18)
Caused by: org.openqa.selenium.WebDriverException: Target URL "http://whiteboxqa.com/" is not well-formed.
Build info: version: '2.52.0', revision: '4c2593cfc3689a7fcd7be52549167e5ccc93ad28', time: '2016-02-11 11:22:43'
System info: host: 'family', ip: '10.0.0.110', os.name: 'Windows 10', os.arch: 'amd64', os.version: '10.0', java.version: '1.8.0_65'
Driver info: driver.version: unknown
	at <anonymous class>.FirefoxDriver.prototype.get(file:///C:/Users/sridhar/AppData/Local/Temp/anonymous5532214050788618368webdriver-profile/extensions/fxdriver@googlecode.com/components/driver-component.js:10589)
	at <anonymous class>.DelayedCommand.prototype.executeInternal_/h(file:///C:/Users/sridhar/AppData/Local/Temp/anonymous5532214050788618368webdriver-profile/extensions/fxdriver@googlecode.com/components/command-processor.js:12614)
	at <anonymous class>.DelayedCommand.prototype.executeInternal_(file:///C:/Users/sridhar/AppData/Local/Temp/anonymous5532214050788618368webdriver-profile/extensions/fxdriver@googlecode.com/components/command-processor.js:12619)
	at <anonymous class>.DelayedCommand.prototype.execute/<(file:///C:/Users/sridhar/AppData/Local/Temp/anonymous5532214050788618368webdriver-profile/extensions/fxdriver@googlecode.com/components/command-processor.js:12561)
... Removed 22 stack frames]]>
    </failure>
  </testcase> <!-- @BeforeSuite beforeSuite -->
  <testcase name="@BeforeClass beforeClass" time="0.0" classname="com.test.HomePageTest">
    <skipped/>
  </testcase> <!-- @BeforeClass beforeClass -->
  <testcase name="testCountSliders" time="0.001" classname="com.test.HomePageTest">
    <skipped/>
  </testcase> <!-- testCountSliders -->
  <testcase name="testIsSliderPresent" time="0.004" classname="com.test.HomePageTest">
    <skipped/>
  </testcase> <!-- testIsSliderPresent -->
  <testcase name="testLoginLink" time="0.001" classname="com.test.HomePageTest">
    <skipped/>
  </testcase> <!-- testLoginLink -->
  <testcase name="testSocialLinks" time="0.002" classname="com.test.HomePageTest">
    <skipped/>
  </testcase> <!-- testSocialLinks -->
</testsuite> <!-- Test -->
